android/build/outputs/logs/manifest-merger-release-report.txt
-- Merging decision tree log ---
manifest
ADDED from src/main/AndroidManifest.xml:2:1-17:12
INJECTED from src/main/AndroidManifest.xml:2:1-17:12
INJECTED from src/main/AndroidManifest.xml:2:1-17:12
INJECTED from src/main/AndroidManifest.xml:2:1-17:12
INJECTED from src/main/AndroidManifest.xml:2:1-17:12
INJECTED from src/main/AndroidManifest.xml:2:1-17:12
INJECTED from src/main/AndroidManifest.xml:2:1-17:12
	package
		ADDED from src/main/AndroidManifest.xml:4:3-28
		INJECTED from src/main/AndroidManifest.xml
		INJECTED from src/main/AndroidManifest.xml
	android:versionName
		INJECTED from src/main/AndroidManifest.xml
		ADDED from src/main/AndroidManifest.xml:2:1-17:12
		INJECTED from src/main/AndroidManifest.xml
	android:versionCode
		INJECTED from src/main/AndroidManifest.xml
		ADDED from src/main/AndroidManifest.xml:2:1-17:12
		INJECTED from src/main/AndroidManifest.xml
	xmlns:android
		ADDED from src/main/AndroidManifest.xml:3:3-61
application
ADDED from src/main/AndroidManifest.xml:6:5-16:19
provider#com.imagepicker.FileProvider
ADDED from src/main/AndroidManifest.xml:7:7-15:20
	android:grantUriPermissions
		ADDED from src/main/AndroidManifest.xml:11:13-47
	android:authorities
		ADDED from src/main/AndroidManifest.xml:9:13-60
	android:exported
		ADDED from src/main/AndroidManifest.xml:10:13-37
	android:name
		ADDED from src/main/AndroidManifest.xml:8:13-56
meta-data#android.support.FILE_PROVIDER_PATHS
ADDED from src/main/AndroidManifest.xml:12:13-14:58
	android:resource
		ADDED from src/main/AndroidManifest.xml:14:17-55
	android:name
		ADDED from src/main/AndroidManifest.xml:13:17-67
uses-sdk
INJECTED from src/main/AndroidManifest.xml reason: use-sdk injection requested
INJECTED from src/main/AndroidManifest.xml
INJECTED from src/main/AndroidManifest.xml
INJECTED from src/main/AndroidManifest.xml
INJECTED from src/main/AndroidManifest.xml
	android:targetSdkVersion
		INJECTED from src/main/AndroidManifest.xml
		ADDED from src/main/AndroidManifest.xml
		INJECTED from src/main/AndroidManifest.xml
	android:minSdkVersion
		INJECTED from src/main/AndroidManifest.xml
		ADDED from src/main/AndroidManifest.xml
		INJECTED from src/main/AndroidManifest.xml